# JRE version: OpenJDK Runtime Environment (8.0_242-b01) (build 1.8.0_242-release-1644-b01)
# Java VM: OpenJDK 64-Bit Server VM (25.242-b01 mixed mode windows-amd64 compressed oops)
Heap:
 PSYoungGen      total 377856K, used 67345K [0x00000000d5580000, 0x00000000f4b00000, 0x0000000100000000)
  eden space 336896K, 7% used [0x00000000d5580000,0x00000000d6f48ff8,0x00000000e9e80000)
  from space 40960K, 99% used [0x00000000e9e80000,0x00000000ec67b428,0x00000000ec680000)
  to   space 55808K, 0% used [0x00000000f1480000,0x00000000f1480000,0x00000000f4b00000)
 ParOldGen       total 156672K, used 73560K [0x0000000080000000, 0x0000000089900000, 0x00000000d5580000)
  object space 156672K, 46% used [0x0000000080000000,0x00000000847d6168,0x0000000089900000)
 Metaspace       used 117217K, capacity 123474K, committed 123712K, reserved 1157120K
  class space    used 15007K, capacity 16147K, committed 16256K, reserved 1048576K
GC Heap History (10 events):
Event: 4784.557 GC heap before
{Heap before GC invocations=21 (full 4):
 PSYoungGen      total 306688K, used 299008K [0x00000000d5580000, 0x00000000eda00000, 0x0000000100000000)
  eden space 299008K, 100% used [0x00000000d5580000,0x00000000e7980000,0x00000000e7980000)
  from space 7680K, 0% used [0x00000000ed280000,0x00000000ed280000,0x00000000eda00000)
  to   space 31232K, 0% used [0x00000000e9d00000,0x00000000e9d00000,0x00000000ebb80000)
 ParOldGen       total 156672K, used 41618K [0x0000000080000000, 0x0000000089900000, 0x00000000d5580000)
  object space 156672K, 26% used [0x0000000080000000,0x00000000828a4bf8,0x0000000089900000)
 Metaspace       used 98175K, capacity 102442K, committed 104256K, reserved 1140736K
  class space    used 12477K, capacity 13283K, committed 13696K, reserved 1048576K
Event: 4784.628 GC heap after
Heap after GC invocations=21 (full 4):
 PSYoungGen      total 342528K, used 19065K [0x00000000d5580000, 0x00000000ed300000, 0x0000000100000000)
  eden space 323072K, 0% used [0x00000000d5580000,0x00000000d5580000,0x00000000e9100000)
  from space 19456K, 97% used [0x00000000e9d00000,0x00000000eaf9e588,0x00000000eb000000)
  to   space 31744K, 0% used [0x00000000eb400000,0x00000000eb400000,0x00000000ed300000)
 ParOldGen       total 156672K, used 41626K [0x0000000080000000, 0x0000000089900000, 0x00000000d5580000)
  object space 156672K, 26% used [0x0000000080000000,0x00000000828a6bf8,0x0000000089900000)
 Metaspace       used 98175K, capacity 102442K, committed 104256K, reserved 1140736K
  class space    used 12477K, capacity 13283K, committed 13696K, reserved 1048576K
}
Event: 4827.226 GC heap before
{Heap before GC invocations=22 (full 4):
 PSYoungGen      total 342528K, used 342137K [0x00000000d5580000, 0x00000000ed300000, 0x0000000100000000)
  eden space 323072K, 100% used [0x00000000d5580000,0x00000000e9100000,0x00000000e9100000)
  from space 19456K, 97% used [0x00000000e9d00000,0x00000000eaf9e588,0x00000000eb000000)
  to   space 31744K, 0% used [0x00000000eb400000,0x00000000eb400000,0x00000000ed300000)
 ParOldGen       total 156672K, used 41626K [0x0000000080000000, 0x0000000089900000, 0x00000000d5580000)
  object space 156672K, 26% used [0x0000000080000000,0x00000000828a6bf8,0x0000000089900000)
 Metaspace       used 100435K, capacity 105160K, committed 106304K, reserved 1142784K
  class space    used 12756K, capacity 13676K, committed 13952K, reserved 1048576K
Event: 4827.299 GC heap after
Heap after GC invocations=22 (full 4):
 PSYoungGen      total 359424K, used 17426K [0x00000000d5580000, 0x00000000ee400000, 0x0000000100000000)
  eden space 327680K, 0% used [0x00000000d5580000,0x00000000d5580000,0x00000000e9580000)
  from space 31744K, 54% used [0x00000000eb400000,0x00000000ec504848,0x00000000ed300000)
  to   space 31232K, 0% used [0x00000000e9580000,0x00000000e9580000,0x00000000eb400000)
 ParOldGen       total 156672K, used 41634K [0x0000000080000000, 0x0000000089900000, 0x00000000d5580000)
  object space 156672K, 26% used [0x0000000080000000,0x00000000828a8bf8,0x0000000089900000)
 Metaspace       used 100435K, capacity 105160K, committed 106304K, reserved 1142784K
  class space    used 12756K, capacity 13676K, committed 13952K, reserved 1048576K
}
Event: 5084.266 GC heap before
{Heap before GC invocations=23 (full 4):
 PSYoungGen      total 359424K, used 345106K [0x00000000d5580000, 0x00000000ee400000, 0x0000000100000000)
  eden space 327680K, 100% used [0x00000000d5580000,0x00000000e9580000,0x00000000e9580000)
  from space 31744K, 54% used [0x00000000eb400000,0x00000000ec504848,0x00000000ed300000)
  to   space 31232K, 0% used [0x00000000e9580000,0x00000000e9580000,0x00000000eb400000)
 ParOldGen       total 156672K, used 41634K [0x0000000080000000, 0x0000000089900000, 0x00000000d5580000)
  object space 156672K, 26% used [0x0000000080000000,0x00000000828a8bf8,0x0000000089900000)
 Metaspace       used 101662K, capacity 106514K, committed 107200K, reserved 1142784K
  class space    used 12912K, capacity 13823K, committed 14080K, reserved 1048576K
Event: 5084.320 GC heap after
Heap after GC invocations=23 (full 4):
 PSYoungGen      total 358912K, used 20928K [0x00000000d5580000, 0x00000000ee600000, 0x0000000100000000)
  eden space 327680K, 0% used [0x00000000d5580000,0x00000000d5580000,0x00000000e9580000)
  from space 31232K, 67% used [0x00000000e9580000,0x00000000ea9f0040,0x00000000eb400000)
  to   space 32256K, 0% used [0x00000000ec680000,0x00000000ec680000,0x00000000ee600000)
 ParOldGen       total 156672K, used 41642K [0x0000000080000000, 0x0000000089900000, 0x00000000d5580000)
  object space 156672K, 26% used [0x0000000080000000,0x00000000828aabf8,0x0000000089900000)
 Metaspace       used 101662K, capacity 106514K, committed 107200K, reserved 1142784K
  class space    used 12912K, capacity 13823K, committed 14080K, reserved 1048576K
}
Event: 5093.303 GC heap before
{Heap before GC invocations=24 (full 4):
 PSYoungGen      total 358912K, used 348608K [0x00000000d5580000, 0x00000000ee600000, 0x0000000100000000)
  eden space 327680K, 100% used [0x00000000d5580000,0x00000000e9580000,0x00000000e9580000)
  from space 31232K, 67% used [0x00000000e9580000,0x00000000ea9f0040,0x00000000eb400000)
  to   space 32256K, 0% used [0x00000000ec680000,0x00000000ec680000,0x00000000ee600000)
 ParOldGen       total 156672K, used 41642K [0x0000000080000000, 0x0000000089900000, 0x00000000d5580000)
  object space 156672K, 26% used [0x0000000080000000,0x00000000828aabf8,0x0000000089900000)
 Metaspace       used 116023K, capacity 122124K, committed 122304K, reserved 1155072K
  class space    used 14878K, capacity 15972K, committed 16128K, reserved 1048576K
Event: 5093.435 GC heap after
Heap after GC invocations=24 (full 4):
 PSYoungGen      total 369152K, used 32225K [0x00000000d5580000, 0x00000000f0280000, 0x0000000100000000)
  eden space 336896K, 0% used [0x00000000d5580000,0x00000000d5580000,0x00000000e9e80000)
  from space 32256K, 99% used [0x00000000ec680000,0x00000000ee5f8600,0x00000000ee600000)
  to   space 40960K, 0% used [0x00000000e9e80000,0x00000000e9e80000,0x00000000ec680000)
 ParOldGen       total 156672K, used 51048K [0x0000000080000000, 0x0000000089900000, 0x00000000d5580000)
  object space 156672K, 32% used [0x0000000080000000,0x00000000831da378,0x0000000089900000)
 Metaspace       used 116023K, capacity 122124K, committed 122304K, reserved 1155072K
  class space    used 14878K, capacity 15972K, committed 16128K, reserved 1048576K
}
Event: 5098.894 GC heap before
{Heap before GC invocations=25 (full 4):
 PSYoungGen      total 369152K, used 369121K [0x00000000d5580000, 0x00000000f0280000, 0x0000000100000000)
  eden space 336896K, 100% used [0x00000000d5580000,0x00000000e9e80000,0x00000000e9e80000)
  from space 32256K, 99% used [0x00000000ec680000,0x00000000ee5f8600,0x00000000ee600000)
  to   space 40960K, 0% used [0x00000000e9e80000,0x00000000e9e80000,0x00000000ec680000)
 ParOldGen       total 156672K, used 51048K [0x0000000080000000, 0x0000000089900000, 0x00000000d5580000)
  object space 156672K, 32% used [0x0000000080000000,0x00000000831da378,0x0000000089900000)
 Metaspace       used 117210K, capacity 123470K, committed 123712K, reserved 1157120K
  class space    used 15007K, capacity 16147K, committed 16256K, reserved 1048576K
Event: 5099.243 GC heap after
Heap after GC invocations=25 (full 4):
 PSYoungGen      total 377856K, used 40941K [0x00000000d5580000, 0x00000000f4b00000, 0x0000000100000000)
  eden space 336896K, 0% used [0x00000000d5580000,0x00000000d5580000,0x00000000e9e80000)
  from space 40960K, 99% used [0x00000000e9e80000,0x00000000ec67b428,0x00000000ec680000)
  to   space 55808K, 0% used [0x00000000f1480000,0x00000000f1480000,0x00000000f4b00000)
 ParOldGen       total 156672K, used 73560K [0x0000000080000000, 0x0000000089900000, 0x00000000d5580000)
  object space 156672K, 46% used [0x0000000080000000,0x00000000847d6168,0x0000000089900000)
 Metaspace       used 117210K, capacity 123470K, committed 123712K, reserved 1157120K
  class space    used 15007K, capacity 16147K, committed 16256K, reserved 1048576K
}

